TN:
SF:C:\Users\Chris\Pagespeed-Backend\controllers\apiController.js
FN:3,(anonymous_0)
FN:12,handleApiRequest
FN:17,(anonymous_2)
FN:30,validBody
FN:43,speedCheckLinks
FN:52,(anonymous_5)
FN:62,(anonymous_6)
FN:66,(anonymous_7)
FN:78,(anonymous_8)
FNF:9
FNH:8
FNDA:0,(anonymous_0)
FNDA:5,handleApiRequest
FNDA:3,(anonymous_2)
FNDA:5,validBody
FNDA:3,speedCheckLinks
FNDA:5,(anonymous_5)
FNDA:4,(anonymous_6)
FNDA:4,(anonymous_7)
FNDA:1,(anonymous_8)
DA:1,1
DA:2,1
DA:3,1
DA:5,1
DA:6,1
DA:13,5
DA:14,2
DA:15,2
DA:17,3
DA:18,3
DA:19,1
DA:20,1
DA:22,2
DA:23,2
DA:31,5
DA:32,5
DA:34,5
DA:35,4
DA:36,3
DA:40,5
DA:44,3
DA:46,3
DA:47,3
DA:52,3
DA:53,5
DA:55,5
DA:61,5
DA:63,4
DA:65,4
DA:66,2
DA:67,4
DA:75,2
DA:79,1
DA:84,1
LF:34
LH:34
BRDA:12,0,0,0
BRDA:13,1,0,2
BRDA:13,1,1,3
BRDA:18,2,0,1
BRDA:18,2,1,2
BRDA:34,3,0,4
BRDA:34,3,1,1
BRDA:35,4,0,3
BRDA:35,4,1,1
BRDA:35,5,0,4
BRDA:35,5,1,2
BRDA:44,6,0,2
BRDA:44,6,1,1
BRDA:53,7,0,3
BRDA:53,7,1,2
BRDA:65,8,0,2
BRDA:65,8,1,2
BRF:17
BRH:16
end_of_record
